Arguments: 
  /usr/bin/node /usr/bin/yarn install

PATH: 
  /home/flavio/local/app/google-cloud-sdk/bin:/home/flavio/local/app/google-cloud-sdk/bin:/usr/lib64/qt-3.3/bin:/usr/local/bin:/usr/local/sbin:/usr/bin:/usr/sbin:/bin:/sbin:/home/flavio/Oracle/product/12.1.0/client_1/bin:/home/flavio/local/app/google_appengine:/home/flavio/jython2.7.0/bin:/home/flavio/.local/bin:/home/flavio/bin:/home/flavio/Oracle/product/12.1.0/client_1/bin:/home/flavio/local/app/google_appengine:/home/flavio/jython2.7.0/bin

Yarn version: 
  1.3.2

Node version: 
  8.9.3

Platform: 
  linux x64

npm manifest: 
  {
    "name": "@jupyterlab/taskbook-extension",
    "version": "0.1.0",
    "description": "JupyterLab - Notebook Extension",
    "homepage": "https://github.com/jupyterlab/jupyterlab",
    "bugs": {
      "url": "https://github.com/jupyterlab/jupyterlab/issues"
    },
    "license": "BSD-3-Clause",
    "author": "Project Jupyter",
    "files": [
      "lib/*.d.ts",
      "lib/*.js.map",
      "lib/*.js",
      "schema/*.json"
    ],
    "main": "lib/index.js",
    "types": "lib/index.d.ts",
    "directories": {
      "lib": "lib/"
    },
    "repository": {
      "type": "git",
      "url": "https://github.com/jupyterlab/jupyterlab.git"
    },
    "scripts": {
      "build": "tsc",
      "clean": "rimraf lib",
      "prepublishOnly": "npm run build",
      "watch": "tsc -w"
    },
    "dependencies": {
      "@jupyterlab/application": "^0.13.1",
      "@jupyterlab/apputils": "^0.13.1",
      "@jupyterlab/codeeditor": "^0.13.0",
      "@jupyterlab/coreutils": "^0.13.0",
      "@jupyterlab/filebrowser": "^0.13.2",
      "@jupyterlab/launcher": "^0.13.2",
      "@jupyterlab/mainmenu": "^0.2.0",
      "@jupyterlab/taskbook": "^0.1.0",
      "@jupyterlab/services": "^0.52.0",
      "@phosphor/coreutils": "^1.3.0",
      "@phosphor/messaging": "^1.2.2",
      "@phosphor/widgets": "^1.5.0"
  
    },
    "devDependencies": {
      "rimraf": "~2.6.2",
      "typescript": "~2.6.2"
    },
    "jupyterlab": {
      "extension": true
    }
  }

yarn manifest: 
  No manifest

Lockfile: 
  No lockfile

Trace: 
  Error: https://registry.yarnpkg.com/@jupyterlab%2ftaskbook: Not found
      at Request.params.callback [as _callback] (/usr/lib/node_modules/yarn/lib/cli.js:62098:18)
      at Request.self.callback (/usr/lib/node_modules/yarn/lib/cli.js:123085:22)
      at emitTwo (events.js:126:13)
      at Request.emit (events.js:214:7)
      at Request.<anonymous> (/usr/lib/node_modules/yarn/lib/cli.js:124068:10)
      at emitOne (events.js:116:13)
      at Request.emit (events.js:211:7)
      at IncomingMessage.<anonymous> (/usr/lib/node_modules/yarn/lib/cli.js:123988:12)
      at Object.onceWrapper (events.js:313:30)
      at emitNone (events.js:111:20)
